\BOOKMARK [1][-]{section.1}{\376\377\000I\000n\000t\000r\000o\000d\000u\000c\000t\000i\000o\000n}{}% 1
\BOOKMARK [1][-]{section.2}{\376\377\000T\000h\000e\000o\000r\000e\000t\000i\000c\000a\000l\000\040\000S\000e\000c\000t\000i\000o\000n}{}% 2
\BOOKMARK [2][-]{subsection.2.1}{\376\377\000M\000o\000d\000e\000l\000\040\000C\000o\000m\000p\000l\000e\000x\000i\000t\000y\000\040\000a\000n\000d\000\040\000t\000h\000e\000\040\000P\000r\000o\000b\000l\000e\000m\000\040\000o\000f\000\040\000U\000n\000d\000e\000r\000-\000\040\000a\000n\000d\000\040\000O\000v\000e\000r\000f\000i\000t\000t\000i\000n\000g}{section.2}% 3
\BOOKMARK [3][-]{subsubsection.2.1.1}{\376\377\000R\000e\000g\000u\000l\000a\000r\000i\000z\000a\000t\000i\000o\000n}{subsection.2.1}% 4
\BOOKMARK [2][-]{subsection.2.2}{\376\377\000B\000a\000y\000e\000s\000i\000a\000n\000\040\000V\000i\000e\000w\000\040\000o\000n\000\040\000B\000a\000t\000t\000l\000i\000n\000g\000\040\000M\000o\000d\000e\000l\000\040\000C\000o\000m\000p\000l\000e\000x\000i\000t\000y\000\040\000u\000s\000i\000n\000g\000\040\000S\000h\000r\000i\000n\000k\000a\000g\000e\000\040\000P\000r\000i\000o\000r\000s}{section.2}% 5
\BOOKMARK [1][-]{section.3}{\376\377\000L\000i\000t\000e\000r\000a\000t\000u\000r\000e\000\040\000R\000e\000v\000i\000e\000w}{}% 6
\BOOKMARK [1][-]{section.4}{\376\377\000B\000a\000y\000e\000s\000i\000a\000n\000-\000F\000r\000e\000q\000u\000e\000n\000t\000i\000s\000t\000\040\000D\000u\000a\000l\000i\000t\000y\000\040\000o\000f\000\040\000R\000i\000d\000g\000e\000\040\000a\000n\000d\000\040\000L\000A\000S\000S\000O\000\040\000R\000e\000g\000r\000e\000s\000s\000i\000o\000n}{}% 7
\BOOKMARK [2][-]{subsection.4.1}{\376\377\000T\000r\000i\000p\000l\000e\000-\000G\000a\000m\000m\000a\000-\000P\000r\000i\000o\000r\000\040\000b\000y\000\040\000T\000G\000P\0002\0000\0002\0000}{section.4}% 8
\BOOKMARK [1][-]{section.5}{\376\377\000M\000o\000d\000e\000l\000\040\000S\000e\000t\000u\000p\000\040\000a\000n\000d\000\040\000D\000e\000r\000i\000v\000a\000t\000i\000o\000n}{}% 9
\BOOKMARK [2][-]{subsection.5.1}{\376\377\000V\000a\000r\000y\000i\000n\000g\000\040\000t\000h\000e\000\040\000H\000y\000p\000e\000r\000p\000a\000r\000a\000m\000e\000t\000e\000r\000s}{section.5}% 10
\BOOKMARK [2][-]{subsection.5.2}{\376\377\000C\000o\000m\000p\000a\000r\000i\000s\000o\000n\000\040\000t\000o\000\040\000a\000l\000r\000e\000a\000d\000y\000\040\000e\000x\000i\000s\000t\000i\000n\000g\000\040\000P\000e\000n\000a\000l\000t\000y\000\040\000T\000e\000r\000m\000s}{section.5}% 11
\BOOKMARK [2][-]{subsection.5.3}{\376\377\000R\000e\000s\000t\000r\000i\000c\000t\000e\000d\000\040\000S\000t\000r\000o\000n\000g\000\040\000C\000o\000n\000v\000e\000x\000i\000t\000y\000\040\000\050\000R\000S\000C\000\051\000\040\000o\000f\000\040\000t\000h\000e\000\040\000T\000r\000i\000p\000l\000e\000-\000G\000a\000m\000m\000a\000-\000R\000e\000g\000u\000l\000a\000r\000i\000z\000a\000t\000i\000o\000n}{section.5}% 12
\BOOKMARK [2][-]{subsection.5.4}{\376\377\000A\000l\000t\000e\000r\000n\000a\000t\000i\000v\000e\000\040\000S\000p\000e\000c\000i\000f\000i\000c\000a\000t\000i\000o\000n\000\040\000\050\000w\000i\000t\000h\000\040\000+\0001\000\040\000t\000o\000\040\000m\000i\000m\000i\000c\000\040\000a\000r\000t\000a\000n\000\051}{section.5}% 13
\BOOKMARK [2][-]{subsection.5.5}{\376\377\000A\000p\000p\000r\000o\000a\000c\000h\000e\000s\000\040\000t\000o\000\040\000E\000s\000t\000i\000m\000a\000t\000i\000o\000n}{section.5}% 14
\BOOKMARK [1][-]{section.6}{\376\377\000S\000i\000m\000u\000l\000a\000t\000i\000o\000n\000\040\000S\000e\000c\000t\000i\000o\000n}{}% 15
\BOOKMARK [2][-]{subsection.6.1}{\376\377\000I\000m\000p\000l\000e\000m\000e\000n\000t\000a\000t\000i\000o\000n\000\040\000a\000s\000\040\000P\000y\000t\000h\000o\000n\000\040\000P\000a\000c\000k\000a\000g\000e}{section.6}% 16
\BOOKMARK [2][-]{subsection.6.2}{\376\377\000C\000o\000m\000p\000u\000t\000a\000t\000i\000o\000n\000a\000l\000\040\000P\000e\000r\000f\000o\000r\000m\000a\000n\000c\000e}{section.6}% 17
\BOOKMARK [1][-]{section.7}{\376\377\000P\000o\000s\000s\000i\000b\000l\000e\000\040\000E\000x\000t\000e\000n\000s\000i\000o\000n\000s\000\040\000a\000n\000d\000\040\000C\000r\000i\000t\000i\000c\000i\000s\000m}{}% 18
\BOOKMARK [2][-]{subsection.7.1}{\376\377\000I\000m\000p\000l\000e\000m\000e\000n\000t\000a\000t\000i\000o\000n\000\040\000a\000s\000\040\000P\000y\000t\000h\000o\000n\000\040\000P\000a\000c\000k\000a\000g\000e}{section.7}% 19
\BOOKMARK [1][-]{section.8}{\376\377\000C\000o\000n\000c\000l\000u\000s\000i\000o\000n}{}% 20
\BOOKMARK [2][-]{subsection.8.1}{\376\377\000I\000m\000p\000l\000e\000m\000e\000n\000t\000a\000t\000i\000o\000n\000\040\000a\000s\000\040\000P\000y\000t\000h\000o\000n\000\040\000P\000a\000c\000k\000a\000g\000e}{section.8}% 21
\BOOKMARK [1][-]{section.9}{\376\377\000L\000i\000s\000t\000\040\000o\000f\000\040\000F\000i\000g\000u\000r\000e\000s}{}% 22
\BOOKMARK [1][-]{section.10}{\376\377\000L\000i\000s\000t\000\040\000o\000f\000\040\000T\000a\000b\000l\000e\000s}{}% 23
\BOOKMARK [1][-]{section.11}{\376\377\000R\000e\000f\000e\000r\000e\000n\000c\000e\000s}{}% 24
\BOOKMARK [1][-]{section.11}{\376\377\000R\000e\000f\000e\000r\000e\000n\000c\000e\000s}{}% 25
